{"logTime": "0923/164613", "correlationVector":"jogjkSGVlG99Lxg/A3RMMt.1","action":"SyncServerConnectionManagerRequest", "result":"SYNC_SERVER_OK", "context":{"environment":"Prod_eastus_prod-s01-056-nam-eastus", "migrationStage":"NotStarted", "server":"akswtt10300000j"}}
{"logTime": "0923/164613", "correlationVector":"jogjkSGVlG99Lxg/A3RMMt.2","action":"ProcessGetUpdates", "result":"Done", "context":{"dataType":"Encryption Keys", "deleted":"0", "process_failed_to_decrypt":"0", "process_pending_decryption":"0", "process_success":"1", "total":"1"}}
{"logTime": "0923/164613", "correlationVector":"1/idYpfUTEfZetJjdHcMR2","action":"SyncServerConnectionManagerRequest", "result":"SYNC_SERVER_OK", "context":{"environment":"", "migrationStage":"", "server":""}}
{"logTime": "0923/164613", "correlationVector":"1/idYpfUTEfZetJjdHcMR2.0","action":"EncryptionKeysFetcher.DownloadKeys:", "result":"Success", "context":Key count: 8, Last key timestamp: 2025-08-12T00:12:16Z}
{"logTime": "0923/164613", "correlationVector":"1/idYpfUTEfZetJjdHcMR2.1","action":"EncryptionKeysManager::SetEncryptionKeys:", "result":"Success", "context":Key names[8]:[bua620u873MfiVxpiZSJ/E+ZtJBxJH4e7D0qiSqpEdP1L5cVH2uVewQ2jpw1wK8ayibilSqp78uKswu2Ri+Gcw==][BeSHRWbsu0jX+QCLBgQuRK9/E6lMdsJdKuHoTgDuXcFjMHyz32MJHYa4yCEMJGpUKjQKI9FIQjvG7T6ncCSoZg==][xqBoiCfAaDwEGQoVSNniIkjgjP7Yrp/7XY8nx3yBp2boLWO5gP0+iMPTv9ijCKdkEUyHEwXzLBJnFb17mzRifA==][tOhofiPdXcnGEo9b6ZfbXAuYnJOFCnfBlseRaMp+amJa6qMs3Fq4hudBnayzQInCC0EhUQq8x5bdY69L/hRreg==][jBB0SaiChhyJcShjr0ALo+7icF7kYLJIq+Qt1YWw5BDE3fIZvIwEik7Wq7je9JrYg3cVlUJCOwXtg7YD2WUKeg==][D+5ak9VV5Ic8FnZjd4WqaZmAkZ+I8VvwZr5EeiQqwp1MdZ1ROG28QDTy09Q4Ir+9NdzDh+riJx56LZyRNQZWNA==][792ymh5pQnUXylDa8R8bTvUUW3aw3vsJ9PE6U232NbeFGNH4px9JiBKKUiNdTM9+FzMXhNQfy9GNmoYjsIGbAQ==][8/QHaZeYPx7RgYlhbH6AtugfsKVor6HtK7rTTPUjYfyAFAzF9hQ7Ff3UkM5nD5P/V5MH4T/wIm7KpbB0wM87Dw==]}
{"logTime": "0923/164613", "correlationVector":"1/idYpfUTEfZetJjdHcMR2.2","action":"EncryptionKeysManager::SetEncryptionKeysWithTimestamps:", "result":"Success", "context":Key timestamps[8]:[2022-05-17T00:55:30Z][2022-05-27T00:32:58Z][2022-11-11T01:31:25Z][2023-08-11T13:59:32Z][2024-02-08T03:50:12Z][2024-08-06T11:51:50Z][2025-02-05T21:06:02Z][2025-08-12T00:12:16Z]}
{"logTime": "0923/164613", "correlationVector":"jogjkSGVlG99Lxg/A3RMMt","action":"Initial GetUpdates", "result":"", "context":Reason: NEW_CLIENT. cV=jogjkSGVlG99Lxg/A3RMMt}
{"logTime": "0923/164613", "correlationVector":"jogjkSGVlG99Lxg/A3RMMt.3","action":"GetUpdates Response", "result":"Success", "context":Received 1 update(s). cV=jogjkSGVlG99Lxg/A3RMMt.0;server=akswtt10300000j;cloudType=Consumer;environment=Prod_eastus_prod-s01-056-nam-eastus;migrationStage=NotStarted}
{"logTime": "0923/164613", "correlationVector":"A/1Bkt3rqqe1G80PEw/ubJ","action":"Initial GetUpdates", "result":"", "context":Reason: NEWLY_SUPPORTED_DATATYPE. cV=A/1Bkt3rqqe1G80PEw/ubJ}
{"logTime": "0923/164613", "correlationVector":"A/1Bkt3rqqe1G80PEw/ubJ.1","action":"SyncServerConnectionManagerRequest", "result":"SYNC_SERVER_OK", "context":{"environment":"Prod_eastus_prod-s01-056-nam-eastus", "migrationStage":"NotStarted", "server":"akswtt103000004"}}
{"logTime": "0923/164613", "correlationVector":"A/1Bkt3rqqe1G80PEw/ubJ.2","action":"ProcessGetUpdates", "result":"Done", "context":{"dataType":"Preferences", "deleted":"0", "process_failed_to_decrypt":"0", "process_pending_decryption":"0", "process_success":"49", "total":"49"}}
{"logTime": "0923/164613", "correlationVector":"A/1Bkt3rqqe1G80PEw/ubJ.3","action":"ProcessGetUpdates", "result":"Done", "context":{"dataType":"Device Info", "deleted":"0", "process_failed_to_decrypt":"0", "process_pending_decryption":"0", "process_success":"2", "total":"2"}}
{"logTime": "0923/164613", "correlationVector":"A/1Bkt3rqqe1G80PEw/ubJ.4","action":"GetUpdates Response", "result":"Success", "context":Received 51 update(s). cV=A/1Bkt3rqqe1G80PEw/ubJ.0;server=akswtt103000004;cloudType=Consumer;environment=Prod_eastus_prod-s01-056-nam-eastus;migrationStage=NotStarted}
{"logTime": "0923/164613", "correlationVector":"XcfW0Iwo08pVOzg/ANha1N","action":"Initial GetUpdates", "result":"", "context":Reason: NEWLY_SUPPORTED_DATATYPE. cV=XcfW0Iwo08pVOzg/ANha1N}
{"logTime": "0923/164614", "correlationVector":"XcfW0Iwo08pVOzg/ANha1N.1","action":"SyncServerConnectionManagerRequest", "result":"SYNC_SERVER_OK", "context":{"environment":"Prod_eastus_prod-s01-056-nam-eastus", "migrationStage":"NotStarted", "server":"akswtt10300000g"}}
{"logTime": "0923/164614", "correlationVector":"XcfW0Iwo08pVOzg/ANha1N.2","action":"ProcessGetUpdates", "result":"Done", "context":{"dataType":"Bookmarks", "deleted":"0", "process_failed_to_decrypt":"0", "process_pending_decryption":"0", "process_success":"6", "total":"6"}}
{"logTime": "0923/164614", "correlationVector":"XcfW0Iwo08pVOzg/ANha1N.3","action":"GetUpdates Response", "result":"Success", "context":Received 6 update(s). cV=XcfW0Iwo08pVOzg/ANha1N.0;server=akswtt10300000g;cloudType=Consumer;environment=Prod_eastus_prod-s01-056-nam-eastus;migrationStage=NotStarted}
{"logTime": "0923/164614", "correlationVector":"e+ahRpj+JkivvqofU/r8Yu","action":"Initial GetUpdates", "result":"", "context":Reason: NEWLY_SUPPORTED_DATATYPE. cV=e+ahRpj+JkivvqofU/r8Yu}
{"logTime": "0923/164614", "correlationVector":"e+ahRpj+JkivvqofU/r8Yu.1","action":"SyncServerConnectionManagerRequest", "result":"SYNC_SERVER_OK", "context":{"environment":"Prod_eastus_prod-s01-056-nam-eastus", "migrationStage":"NotStarted", "server":"akswtt103000001"}}
{"logTime": "0923/164614", "correlationVector":"e+ahRpj+JkivvqofU/r8Yu.2","action":"ProcessGetUpdates", "result":"Done", "context":{"dataType":"Autofill Profiles", "deleted":"0", "process_failed_to_decrypt":"0", "process_pending_decryption":"0", "process_success":"1", "total":"1"}}
{"logTime": "0923/164614", "correlationVector":"e+ahRpj+JkivvqofU/r8Yu.3","action":"ProcessGetUpdates", "result":"Done", "context":{"dataType":"Autofill", "deleted":"0", "process_failed_to_decrypt":"0", "process_pending_decryption":"0", "process_success":"2", "total":"2"}}
{"logTime": "0923/164614", "correlationVector":"e+ahRpj+JkivvqofU/r8Yu.4","action":"ProcessGetUpdates", "result":"Done", "context":{"dataType":"Sessions", "deleted":"5", "process_failed_to_decrypt":"0", "process_pending_decryption":"0", "process_success":"8", "total":"8"}}
{"logTime": "0923/164614", "correlationVector":"e+ahRpj+JkivvqofU/r8Yu.5","action":"ProcessGetUpdates", "result":"Done", "context":{"dataType":"Edge Hub App Usage", "deleted":"3", "process_failed_to_decrypt":"0", "process_pending_decryption":"0", "process_success":"6", "total":"6"}}
{"logTime": "0923/164614", "correlationVector":"e+ahRpj+JkivvqofU/r8Yu.6","action":"GetUpdates Response", "result":"Success", "context":Received 17 update(s). cV=e+ahRpj+JkivvqofU/r8Yu.0;server=akswtt103000001;cloudType=Consumer;environment=Prod_eastus_prod-s01-056-nam-eastus;migrationStage=NotStarted}
{"logTime": "0923/164614", "correlationVector":"cosDmLpAPoG7KS+2/X5xt9","action":"Initial GetUpdates", "result":"", "context":Reason: NEWLY_SUPPORTED_DATATYPE. cV=cosDmLpAPoG7KS+2/X5xt9}
{"logTime": "0923/164614", "correlationVector":"cosDmLpAPoG7KS+2/X5xt9.1","action":"SyncServerConnectionManagerRequest", "result":"SYNC_SERVER_OK", "context":{"environment":"Prod_eastus2_prod-s01-050-nam-eastus2", "migrationStage":"NotStarted", "server":"akswtt10300001e"}}
{"logTime": "0923/164614", "correlationVector":"cosDmLpAPoG7KS+2/X5xt9.2","action":"ProcessGetUpdates", "result":"Done", "context":{"dataType":"History", "deleted":"0", "process_failed_to_decrypt":"0", "process_pending_decryption":"0", "process_success":"7", "total":"7"}}
{"logTime": "0923/164614", "correlationVector":"cosDmLpAPoG7KS+2/X5xt9.3","action":"GetUpdates Response", "result":"Success", "context":Received 7 update(s). cV=cosDmLpAPoG7KS+2/X5xt9.0;server=akswtt10300001e;cloudType=Consumer;environment=Prod_eastus2_prod-s01-050-nam-eastus2;migrationStage=NotStarted}
{"logTime": "0923/164614", "correlationVector":"u+YT3Y0yU59e/Boi5JOPGq","action":"Normal GetUpdate request", "result":"", "context":cV=u+YT3Y0yU59e/Boi5JOPGq
Nudged types: Sessions, Device Info, User Consents
Refresh requested types: Bookmarks, Preferences, Passwords, Autofill Profiles, Autofill, Extensions, Sessions, Extension settings, History Delete Directives, Device Info, User Consents, Send Tab To Self, Web Apps, History, Saved Tab Group, WebAuthn Credentials, Collection, Edge E Drop, Edge Hub App Usage, Edge Wallet, Encryption Keys}
{"logTime": "0923/164615", "correlationVector":"u+YT3Y0yU59e/Boi5JOPGq.1","action":"SyncServerConnectionManagerRequest", "result":"SYNC_SERVER_OK", "context":{"environment":"Prod_eastus2_prod-s01-050-nam-eastus2", "migrationStage":"NotStarted", "server":"akswtt10300001a"}}
{"logTime": "0923/164615", "correlationVector":"u+YT3Y0yU59e/Boi5JOPGq.2","action":"GetUpdates Response", "result":"Success", "context":Received 0 update(s). cV=u+YT3Y0yU59e/Boi5JOPGq.0;server=akswtt10300001a;cloudType=Consumer;environment=Prod_eastus2_prod-s01-050-nam-eastus2;migrationStage=NotStarted}
{"logTime": "0923/164615", "correlationVector":"3eyn5O2whOtzCb/G6ePPSG","action":"DoCompareDataConsistency requsted types: ", "result":"Bookmarks, Preferences, Passwords, Extensions, Extension settings, History Delete Directives, Send Tab To Self, Web Apps, History, Saved Tab Group, WebAuthn Credentials, Collection, Edge E Drop, Edge Wallet, Encryption Keys"}
{"logTime": "0923/164615", "correlationVector":"3eyn5O2whOtzCb/G6ePPSG.0","action":"CompareDataConsistency result: ", "result":"Compare result: Encryption Keys is consistent. local entities count is: 1 local entities hash is: TatZxYe88aaxY0WJIxRqH7sHuHA="}
{"logTime": "0923/164615", "correlationVector":"3eyn5O2whOtzCb/G6ePPSG.1","action":"CompareDataConsistency result: ", "result":"Compare result: Bookmarks is consistent. local entities count is: 0 local entities hash is: "}
{"logTime": "0923/164615", "correlationVector":"3eyn5O2whOtzCb/G6ePPSG.2","action":"CompareDataConsistency result: ", "result":"Compare result: Preferences is consistent. local entities count is: 49 local entities hash is: XMoq5mrV6zVEPQFGtz7MqCtZLvM="}
{"logTime": "0923/164615", "correlationVector":"3eyn5O2whOtzCb/G6ePPSG.3","action":"CompareDataConsistency result: ", "result":"Compare result: Extensions is consistent. local entities count is: 0 local entities hash is: "}
{"logTime": "0923/164615", "correlationVector":"3eyn5O2whOtzCb/G6ePPSG.4","action":"CompareDataConsistency result: ", "result":"Compare result: Extension settings is consistent. local entities count is: 0 local entities hash is: "}
{"logTime": "0923/164615", "correlationVector":"3eyn5O2whOtzCb/G6ePPSG.5","action":"CompareDataConsistency result: ", "result":"Compare result: History Delete Directives is consistent. local entities count is: 0 local entities hash is: "}
{"logTime": "0923/164615", "correlationVector":"3eyn5O2whOtzCb/G6ePPSG.6","action":"CompareDataConsistency result: ", "result":"Server did not send this Send Tab To Self local entities count is: 0 local entities hash is: "}
{"logTime": "0923/164615", "correlationVector":"3eyn5O2whOtzCb/G6ePPSG.7","action":"CompareDataConsistency result: ", "result":"Compare result: Web Apps is consistent. local entities count is: 0 local entities hash is: "}
{"logTime": "0923/164615", "correlationVector":"3eyn5O2whOtzCb/G6ePPSG.8","action":"CompareDataConsistency result: ", "result":"Server did not send this History local entities count is: 0 local entities hash is: "}
{"logTime": "0923/164615", "correlationVector":"3eyn5O2whOtzCb/G6ePPSG.9","action":"CompareDataConsistency result: ", "result":"Compare result: Saved Tab Group is consistent. local entities count is: 0 local entities hash is: "}
{"logTime": "0923/164615", "correlationVector":"3eyn5O2whOtzCb/G6ePPSG.10","action":"CompareDataConsistency result: ", "result":"Server did not send this WebAuthn Credentials local entities count is: 0 local entities hash is: "}
{"logTime": "0923/164615", "correlationVector":"3eyn5O2whOtzCb/G6ePPSG.11","action":"CompareDataConsistency result: ", "result":"Compare result: Collection is consistent. local entities count is: 0 local entities hash is: "}
{"logTime": "0923/164615", "correlationVector":"3eyn5O2whOtzCb/G6ePPSG.12","action":"CompareDataConsistency result: ", "result":"Compare result: Edge E Drop is consistent. local entities count is: 0 local entities hash is: "}
{"logTime": "0923/164615", "correlationVector":"3eyn5O2whOtzCb/G6ePPSG.13","action":"CompareDataConsistency result: ", "result":"Compare result: Edge Wallet is consistent. local entities count is: 0 local entities hash is: "}
{"logTime": "0923/164615", "correlationVector":"3eyn5O2whOtzCb/G6ePPSG.14","action":"CompareDataConsistency result: ", "result":"Compare result: Passwords is consistent. local entities count is: 0 local entities hash is: "}
{"logTime": "0923/164615", "correlationVector":"sFxJ3VTbizUtkzlB9S0JXg","action":"Commit Request", "result":"", "context":Item count: 5
Contributing types: Sessions, Device Info, User Consents, Edge Hub App Usage}
{"logTime": "0923/164615", "correlationVector":"sFxJ3VTbizUtkzlB9S0JXg.1","action":"SyncServerConnectionManagerRequest", "result":"SYNC_SERVER_OK", "context":{"environment":"Prod_eastus_prod-s01-056-nam-eastus", "migrationStage":"NotStarted", "server":"akswtt103000003"}}
{"logTime": "0923/164615", "correlationVector":"sFxJ3VTbizUtkzlB9S0JXg.2","action":"Commit Response", "result":"Success", "context":Result: Success. cV=sFxJ3VTbizUtkzlB9S0JXg.0;server=akswtt103000003;cloudType=Consumer;environment=Prod_eastus_prod-s01-056-nam-eastus;migrationStage=NotStarted}
{"logTime": "0923/164615", "correlationVector":"","action":"DIAGNOSTIC_REQUEST|v1/diagnosticData/Diagnostic.SendCheckResult()|SUCCESS", "result":""}
{"logTime": "0923/164623", "correlationVector":"icmskeOi9ztPN061RfDBrs","action":"Commit Request", "result":"", "context":Item count: 3
Contributing types: Sessions, User Consents, History}
{"logTime": "0923/164623", "correlationVector":"icmskeOi9ztPN061RfDBrs.1","action":"SyncServerConnectionManagerRequest", "result":"SYNC_SERVER_OK", "context":{"environment":"Prod_eastus_prod-s01-056-nam-eastus", "migrationStage":"NotStarted", "server":"akswtt103000003"}}
{"logTime": "0923/164623", "correlationVector":"icmskeOi9ztPN061RfDBrs.2","action":"Commit Response", "result":"Success", "context":Result: Success. cV=icmskeOi9ztPN061RfDBrs.0;server=akswtt103000003;cloudType=Consumer;environment=Prod_eastus_prod-s01-056-nam-eastus;migrationStage=NotStarted}
