2025-09-23 16:46:09.868: [INFO] VisibilityChanged: 0
2025-09-23 16:46:09.953: [INFO] RecordSyncInitDuration has_sync_been_enabled: 0 state: 0
2025-09-23 16:46:09.956: [INFO] RecordSyncInitDuration has_sync_been_enabled: 0 state: 0
2025-09-23 16:46:09.958: [INFO] RecordSyncInitDuration has_sync_been_enabled: 0 state: 0
2025-09-23 16:46:09.960: [INFO] RecordSyncInitDuration has_sync_been_enabled: 0 state: 0
2025-09-23 16:46:09.962: [INFO] RecordSyncInitDuration has_sync_been_enabled: 0 state: 0
2025-09-23 16:46:09.964: [INFO] RecordSyncInitDuration has_sync_been_enabled: 0 state: 0
2025-09-23 16:46:09.966: [INFO] RecordSyncInitDuration has_sync_been_enabled: 0 state: 0
2025-09-23 16:46:09.968: [INFO] RecordSyncInitDuration has_sync_been_enabled: 0 state: 0
2025-09-23 16:46:09.969: [INFO] RecordSyncInitDuration has_sync_been_enabled: 0 state: 0
2025-09-23 16:46:09.970: [INFO] RecordSyncInitDuration has_sync_been_enabled: 0 state: 0
2025-09-23 16:46:09.972: [INFO] RecordSyncInitDuration has_sync_been_enabled: 0 state: 0
2025-09-23 16:46:09.982: [INFO] BookmarkModelLoaded, ids_reassigned: 0
2025-09-23 16:46:09.982: [INFO] OnDoneLoading sync enabled: 0
2025-09-23 16:46:10.067: [INFO] RecordSyncInitDuration has_sync_been_enabled: 0 state: 0
2025-09-23 16:46:10.256: [INFO] RecordSyncInitDuration has_sync_been_enabled: 0 state: 3
2025-09-23 16:46:10.259: [INFO] Primary account changed.
2025-09-23 16:46:10.259: [INFO] OnPrimaryAccountChanged PrimaryAccountChangeEvent::Type::kSet
2025-09-23 16:46:10.266: [INFO] RecordSyncInitDuration has_sync_been_enabled: 0 state: 3
2025-09-23 16:46:10.968: [INFO] RecordSyncInitDuration has_sync_been_enabled: 0 state: 3
2025-09-23 16:46:14.401: [INFO] Sync initialization duration: 3392ms
